\BOOKMARK [1][-]{section.1}{Bill of Materials}{}% 1
\BOOKMARK [2][-]{subsection.1.1}{Rods and Bars}{section.1}% 2
\BOOKMARK [2][-]{subsection.1.2}{Nuts\046bolts}{section.1}% 3
\BOOKMARK [2][-]{subsection.1.3}{Printed}{section.1}% 4
\BOOKMARK [1][-]{section.2}{Things Overview}{}% 5
\BOOKMARK [2][-]{subsection.2.1}{Coupling tube}{section.2}% 6
\BOOKMARK [2][-]{subsection.2.2}{Frame triangle}{section.2}% 7
\BOOKMARK [2][-]{subsection.2.3}{Y axis}{section.2}% 8
\BOOKMARK [2][-]{subsection.2.4}{Frame with axes}{section.2}% 9
\BOOKMARK [2][-]{subsection.2.5}{Frame vertex}{section.2}% 10
\BOOKMARK [2][-]{subsection.2.6}{Frame}{section.2}% 11
\BOOKMARK [2][-]{subsection.2.7}{Y motor bracket}{section.2}% 12
\BOOKMARK [2][-]{subsection.2.8}{Belt clamp}{section.2}% 13
\BOOKMARK [2][-]{subsection.2.9}{M8 hobbed bolt}{section.2}% 14
\BOOKMARK [2][-]{subsection.2.10}{Extruder Idler}{section.2}% 15
\BOOKMARK [2][-]{subsection.2.11}{Frame with Y axis}{section.2}% 16
\BOOKMARK [2][-]{subsection.2.12}{Y bushing}{section.2}% 17
\BOOKMARK [2][-]{subsection.2.13}{Bar clamp}{section.2}% 18
\BOOKMARK [2][-]{subsection.2.14}{Configuration test}{section.2}% 19
\BOOKMARK [2][-]{subsection.2.15}{XZ axis}{section.2}% 20
\BOOKMARK [2][-]{subsection.2.16}{Large extruder gear}{section.2}% 21
\BOOKMARK [2][-]{subsection.2.17}{Frame vertex with foot}{section.2}% 22
\BOOKMARK [2][-]{subsection.2.18}{X end motor}{section.2}% 23
\BOOKMARK [2][-]{subsection.2.19}{Extruder body}{section.2}% 24
\BOOKMARK [2][-]{subsection.2.20}{Small extruder gear}{section.2}% 25
\BOOKMARK [2][-]{subsection.2.21}{Extruder spring}{section.2}% 26
\BOOKMARK [2][-]{subsection.2.22}{Printable Bushing}{section.2}% 27
\BOOKMARK [2][-]{subsection.2.23}{X carriage}{section.2}% 28
\BOOKMARK [2][-]{subsection.2.24}{X end idler}{section.2}% 29
\BOOKMARK [2][-]{subsection.2.25}{Rod clamp}{section.2}% 30
\BOOKMARK [2][-]{subsection.2.26}{Z motor mount}{section.2}% 31
\BOOKMARK [2][-]{subsection.2.27}{Endstop holder}{section.2}% 32
\BOOKMARK [2][-]{subsection.2.28}{Bushing}{section.2}% 33
\BOOKMARK [2][-]{subsection.2.29}{Idler}{section.2}% 34
\BOOKMARK [2][-]{subsection.2.30}{Pulley}{section.2}% 35
\BOOKMARK [2][-]{subsection.2.31}{Coupling}{section.2}% 36
\BOOKMARK [2][-]{subsection.2.32}{Bearing guide}{section.2}% 37
\BOOKMARK [2][-]{subsection.2.33}{Carriage}{section.2}% 38
\BOOKMARK [2][-]{subsection.2.34}{Extruder}{section.2}% 39
\BOOKMARK [1][-]{section.3}{Assembly Instructions}{}% 40
\BOOKMARK [2][-]{subsection.3.1}{Assemble Small extruder gear}{section.3}% 41
\BOOKMARK [2][-]{subsection.3.2}{Assemble M8 hobbed bolt}{section.3}% 42
\BOOKMARK [2][-]{subsection.3.3}{Assemble Large extruder gear}{section.3}% 43
\BOOKMARK [2][-]{subsection.3.4}{Assemble Extruder Idler}{section.3}% 44
\BOOKMARK [2][-]{subsection.3.5}{Assemble Extruder}{section.3}% 45
\BOOKMARK [2][-]{subsection.3.6}{Assemble Frame triangle}{section.3}% 46
\BOOKMARK [2][-]{subsection.3.7}{Assemble Prusa Mendel generation 2}{section.3}% 47
